2017-09-29 14:42:00,738  INFO ENode.EQueue.SendQueueMessageService - EQueue message async send success, sendResult: [SendStatus:Success,MessageStoreResult:[MessageId:c0a8018f5d2b0000f3920c0000000000, Code:2, Topic:ShopDomainEventTopic, QueueId:0, QueueOffset:52, Tag:, CreatedTime:2017/9/29 14:42:00, StoredTime:2017/9/29 14:42:00],ErrorMessage:], routingKey: d53336ed-8930-423e-8f4e-015ece1644d3
2017-09-29 14:42:00,760  INFO ENode.Eventing.Impl.DefaultEventService - Complete command, aggregateId: d53336ed-8930-423e-8f4e-015ece1644d3
2017-09-29 14:44:13,448  INFO ENode.EQueue.SendQueueMessageService - EQueue message async send success, sendResult: [SendStatus:Success,MessageStoreResult:[MessageId:c0a8018f5d2b0000a0990c0000000000, Code:2, Topic:ShopDomainEventTopic, QueueId:1, QueueOffset:129, Tag:, CreatedTime:2017/9/29 14:44:13, StoredTime:2017/9/29 14:44:13],ErrorMessage:], routingKey: ea5cda89-249b-44a5-a053-015ece184f44
2017-09-29 14:44:13,464  INFO ENode.Eventing.Impl.DefaultEventService - Complete command, aggregateId: ea5cda89-249b-44a5-a053-015ece184f44
2017-09-29 15:02:52,854  INFO ENode.EQueue.SendQueueMessageService - EQueue message async send success, sendResult: [SendStatus:Success,MessageStoreResult:[MessageId:c0a8018f5d2b0000e2a00c0000000000, Code:2, Topic:ShopDomainEventTopic, QueueId:2, QueueOffset:188, Tag:, CreatedTime:2017/9/29 15:02:52, StoredTime:2017/9/29 15:02:52],ErrorMessage:], routingKey: fd8f1e74-1435-4314-9850-015ece296131
2017-09-29 15:02:52,887  INFO ENode.Eventing.Impl.DefaultEventService - Complete command, aggregateId: fd8f1e74-1435-4314-9850-015ece296131
2017-09-29 15:13:53,250  INFO ENode.EQueue.SendQueueMessageService - EQueue message async send success, sendResult: [SendStatus:Success,MessageStoreResult:[MessageId:c0a8018f5d2b00003ca80c0000000000, Code:2, Topic:ShopDomainEventTopic, QueueId:3, QueueOffset:115, Tag:, CreatedTime:2017/9/29 15:13:53, StoredTime:2017/9/29 15:13:53],ErrorMessage:], routingKey: 9dc20758-c71c-4c47-a132-015ece33758f
2017-09-29 15:13:53,282  INFO ENode.Eventing.Impl.DefaultEventService - Complete command, aggregateId: 9dc20758-c71c-4c47-a132-015ece33758f
2017-09-29 15:13:53,379  INFO ENode.EQueue.SendQueueMessageService - EQueue message async send success, sendResult: [SendStatus:Success,MessageStoreResult:[MessageId:c0a8018f5d2b00008eac0c0000000000, Code:1, Topic:ShopCommandTopic, QueueId:1, QueueOffset:133, Tag:Shop.Commands.Goodses.AcceptNewCommentCommand, CreatedTime:2017/9/29 15:13:53, StoredTime:2017/9/29 15:13:53],ErrorMessage:], routingKey: f31d0198-7067-4db7-988f-015e2d6b595f
2017-09-29 15:13:54,073  INFO ENode.EQueue.SendQueueMessageService - EQueue message async send success, sendResult: [SendStatus:Success,MessageStoreResult:[MessageId:c0a8018f5d2b000044ae0c0000000000, Code:2, Topic:ShopDomainEventTopic, QueueId:1, QueueOffset:130, Tag:, CreatedTime:2017/9/29 15:13:54, StoredTime:2017/9/29 15:13:54],ErrorMessage:], routingKey: f31d0198-7067-4db7-988f-015e2d6b595f
2017-09-29 15:13:54,073  INFO ENode.Eventing.Impl.DefaultEventService - Complete command, aggregateId: f31d0198-7067-4db7-988f-015e2d6b595f
2017-09-29 15:14:51,963  INFO ENode.EQueue.SendQueueMessageService - EQueue message async send success, sendResult: [SendStatus:Success,MessageStoreResult:[MessageId:c0a8018f5d2b00004eb40c0000000000, Code:2, Topic:ShopDomainEventTopic, QueueId:2, QueueOffset:189, Tag:, CreatedTime:2017/9/29 15:14:51, StoredTime:2017/9/29 15:14:51],ErrorMessage:], routingKey: fe3ebc7e-b5be-45d9-9bf2-015ece345d92
2017-09-29 15:14:51,964  INFO ENode.Eventing.Impl.DefaultEventService - Complete command, aggregateId: fe3ebc7e-b5be-45d9-9bf2-015ece345d92
2017-09-29 15:14:51,985  INFO ENode.EQueue.SendQueueMessageService - EQueue message async send success, sendResult: [SendStatus:Success,MessageStoreResult:[MessageId:c0a8018f5d2b000079b80c0000000000, Code:1, Topic:ShopCommandTopic, QueueId:3, QueueOffset:132, Tag:Shop.Commands.Goodses.AcceptNewCommentCommand, CreatedTime:2017/9/29 15:14:51, StoredTime:2017/9/29 15:14:51],ErrorMessage:], routingKey: a3a30384-eddc-4a2e-94a9-015e709c729d
2017-09-29 15:14:52,101  INFO ENode.EQueue.SendQueueMessageService - EQueue message async send success, sendResult: [SendStatus:Success,MessageStoreResult:[MessageId:c0a8018f5d2b00002fba0c0000000000, Code:2, Topic:ShopDomainEventTopic, QueueId:3, QueueOffset:116, Tag:, CreatedTime:2017/9/29 15:14:52, StoredTime:2017/9/29 15:14:52],ErrorMessage:], routingKey: a3a30384-eddc-4a2e-94a9-015e709c729d
2017-09-29 15:14:52,101  INFO ENode.Eventing.Impl.DefaultEventService - Complete command, aggregateId: a3a30384-eddc-4a2e-94a9-015e709c729d
2017-09-29 15:36:36,230  INFO ENode.EQueue.SendQueueMessageService - EQueue message async send success, sendResult: [SendStatus:Success,MessageStoreResult:[MessageId:c0a8018f5d2b0000dbc00c0000000000, Code:2, Topic:ShopDomainEventTopic, QueueId:2, QueueOffset:190, Tag:, CreatedTime:2017/9/29 15:36:36, StoredTime:2017/9/29 15:36:36],ErrorMessage:], routingKey: aa506fe6-9347-4277-b3cd-015ece483e54
2017-09-29 15:36:36,253  INFO ENode.Eventing.Impl.DefaultEventService - Complete command, aggregateId: aa506fe6-9347-4277-b3cd-015ece483e54
2017-09-29 15:36:36,401  INFO ENode.EQueue.SendQueueMessageService - EQueue message async send success, sendResult: [SendStatus:Success,MessageStoreResult:[MessageId:c0a8018f5d2b0000aac50c0000000000, Code:1, Topic:ShopCommandTopic, QueueId:1, QueueOffset:134, Tag:Shop.Commands.Goodses.AcceptNewCommentCommand, CreatedTime:2017/9/29 15:36:36, StoredTime:2017/9/29 15:36:36],ErrorMessage:], routingKey: f31d0198-7067-4db7-988f-015e2d6b595f
2017-09-29 15:36:37,556  INFO ENode.EQueue.SendQueueMessageService - EQueue message async send success, sendResult: [SendStatus:Success,MessageStoreResult:[MessageId:c0a8018f5d2b000060c70c0000000000, Code:2, Topic:ShopDomainEventTopic, QueueId:1, QueueOffset:131, Tag:, CreatedTime:2017/9/29 15:36:37, StoredTime:2017/9/29 15:36:37],ErrorMessage:], routingKey: f31d0198-7067-4db7-988f-015e2d6b595f
2017-09-29 15:36:37,556  INFO ENode.Eventing.Impl.DefaultEventService - Complete command, aggregateId: f31d0198-7067-4db7-988f-015e2d6b595f
2017-09-29 15:45:17,121  INFO ENode.EQueue.SendQueueMessageService - EQueue message async send success, sendResult: [SendStatus:Success,MessageStoreResult:[MessageId:c0a8018f5d2b000061ce0c0000000000, Code:2, Topic:ShopDomainEventTopic, QueueId:3, QueueOffset:117, Tag:, CreatedTime:2017/9/29 15:45:17, StoredTime:2017/9/29 15:45:17],ErrorMessage:], routingKey: ea2d99c8-4b38-43ff-9989-015ece5036ab
2017-09-29 15:45:17,122  INFO ENode.Eventing.Impl.DefaultEventService - Complete command, aggregateId: ea2d99c8-4b38-43ff-9989-015ece5036ab
2017-09-29 15:45:17,128  INFO ENode.EQueue.SendQueueMessageService - EQueue message async send success, sendResult: [SendStatus:Success,MessageStoreResult:[MessageId:c0a8018f5d2b000081d30c0000000000, Code:1, Topic:ShopCommandTopic, QueueId:3, QueueOffset:134, Tag:Shop.Commands.Goodses.AcceptNewCommentCommand, CreatedTime:2017/9/29 15:45:17, StoredTime:2017/9/29 15:45:17],ErrorMessage:], routingKey: a3a30384-eddc-4a2e-94a9-015e709c729d
2017-09-29 15:45:17,169  INFO ENode.EQueue.SendQueueMessageService - EQueue message async send success, sendResult: [SendStatus:Success,MessageStoreResult:[MessageId:c0a8018f5d2b000037d50c0000000000, Code:2, Topic:ShopDomainEventTopic, QueueId:3, QueueOffset:118, Tag:, CreatedTime:2017/9/29 15:45:17, StoredTime:2017/9/29 15:45:17],ErrorMessage:], routingKey: a3a30384-eddc-4a2e-94a9-015e709c729d
2017-09-29 15:45:17,172  INFO ENode.Eventing.Impl.DefaultEventService - Complete command, aggregateId: a3a30384-eddc-4a2e-94a9-015e709c729d
2017-09-29 15:47:40,921  INFO ENode.EQueue.SendQueueMessageService - EQueue message async send success, sendResult: [SendStatus:Success,MessageStoreResult:[MessageId:c0a8018f5d2b000078db0c0000000000, Code:2, Topic:ShopDomainEventTopic, QueueId:0, QueueOffset:53, Tag:, CreatedTime:2017/9/29 15:47:40, StoredTime:2017/9/29 15:47:40],ErrorMessage:], routingKey: 8e778f08-82bc-46f3-bbd4-015ece526891
2017-09-29 15:47:40,922  INFO ENode.Eventing.Impl.DefaultEventService - Complete command, aggregateId: 8e778f08-82bc-46f3-bbd4-015ece526891
2017-09-29 15:47:40,929  INFO ENode.EQueue.SendQueueMessageService - EQueue message async send success, sendResult: [SendStatus:Success,MessageStoreResult:[MessageId:c0a8018f5d2b0000dbdf0c0000000000, Code:1, Topic:ShopCommandTopic, QueueId:3, QueueOffset:135, Tag:Shop.Commands.Goodses.AcceptNewCommentCommand, CreatedTime:2017/9/29 15:47:40, StoredTime:2017/9/29 15:47:40],ErrorMessage:], routingKey: a3a30384-eddc-4a2e-94a9-015e709c729d
2017-09-29 15:47:40,945  INFO ENode.EQueue.SendQueueMessageService - EQueue message async send success, sendResult: [SendStatus:Success,MessageStoreResult:[MessageId:c0a8018f5d2b000091e10c0000000000, Code:2, Topic:ShopDomainEventTopic, QueueId:3, QueueOffset:119, Tag:, CreatedTime:2017/9/29 15:47:40, StoredTime:2017/9/29 15:47:40],ErrorMessage:], routingKey: a3a30384-eddc-4a2e-94a9-015e709c729d
2017-09-29 15:47:40,946  INFO ENode.Eventing.Impl.DefaultEventService - Complete command, aggregateId: a3a30384-eddc-4a2e-94a9-015e709c729d
